{
  "RSpec": {
    "coverage": {
      "/Users/Jordan/Projects/job_challenges/user_testing/lockerz/config/environment.rb": [
        null,
        1,
        null,
        null,
        1
      ],
      "/Users/Jordan/Projects/job_challenges/user_testing/lockerz/config/application.rb": [
        1,
        null,
        1,
        null,
        null,
        null,
        1,
        null,
        1,
        1,
        null,
        null,
        null,
        null,
        null,
        null,
        null,
        null,
        null,
        null,
        null,
        null,
        null
      ],
      "/Users/Jordan/Projects/job_challenges/user_testing/lockerz/config/boot.rb": [
        null,
        1,
        null,
        1
      ],
      "/Users/Jordan/Projects/job_challenges/user_testing/lockerz/config/environments/test.rb": [
        1,
        null,
        null,
        null,
        null,
        null,
        null,
        1,
        null,
        null,
        null,
        null,
        1,
        null,
        null,
        1,
        1,
        null,
        null,
        1,
        1,
        null,
        null,
        1,
        null,
        null,
        1,
        null,
        null,
        null,
        null,
        1,
        null,
        null,
        1,
        null,
        null,
        null,
        null
      ],
      "/Users/Jordan/Projects/job_challenges/user_testing/lockerz/config/initializers/assets.rb": [
        null,
        null,
        null,
        1,
        null,
        null,
        null,
        null
      ],
      "/Users/Jordan/Projects/job_challenges/user_testing/lockerz/config/initializers/backtrace_silencers.rb": [
        null,
        null,
        null,
        null,
        null,
        null,
        null
      ],
      "/Users/Jordan/Projects/job_challenges/user_testing/lockerz/config/initializers/cookies_serializer.rb": [
        null,
        null,
        1
      ],
      "/Users/Jordan/Projects/job_challenges/user_testing/lockerz/config/initializers/filter_parameter_logging.rb": [
        null,
        null,
        null,
        1
      ],
      "/Users/Jordan/Projects/job_challenges/user_testing/lockerz/config/initializers/inflections.rb": [
        null,
        null,
        null,
        null,
        null,
        null,
        null,
        null,
        null,
        null,
        null,
        null,
        null,
        null,
        null,
        null
      ],
      "/Users/Jordan/Projects/job_challenges/user_testing/lockerz/config/initializers/mime_types.rb": [
        null,
        null,
        null,
        null
      ],
      "/Users/Jordan/Projects/job_challenges/user_testing/lockerz/config/initializers/session_store.rb": [
        null,
        null,
        1
      ],
      "/Users/Jordan/Projects/job_challenges/user_testing/lockerz/config/initializers/wrap_parameters.rb": [
        null,
        null,
        null,
        null,
        null,
        null,
        1,
        0,
        null,
        null,
        null,
        null,
        null,
        null
      ],
      "/Users/Jordan/Projects/job_challenges/user_testing/lockerz/config/routes.rb": [
        1,
        null,
        null,
        null,
        null,
        null,
        1,
        null,
        null,
        null,
        null,
        null,
        null,
        null,
        null,
        null,
        null,
        null,
        null,
        null,
        null,
        null,
        null,
        null,
        null,
        null,
        null,
        null,
        null,
        null,
        null,
        null,
        null,
        null,
        null,
        null,
        null,
        null,
        null,
        null,
        null,
        null,
        null,
        null,
        null,
        null,
        null,
        null,
        null,
        null,
        null,
        null,
        null,
        null,
        null,
        null
      ],
      "/Users/Jordan/Projects/job_challenges/user_testing/lockerz/app/models/bag.rb": [
        1,
        1,
        1,
        1,
        1,
        1,
        null,
        1,
        10,
        0,
        null,
        10,
        null,
        null,
        null,
        1,
        null,
        10,
        null,
        null,
        null
      ],
      "/Users/Jordan/Projects/job_challenges/user_testing/lockerz/spec/models/locker_spec.rb": [
        1,
        null,
        1,
        1,
        2,
        2,
        null,
        1,
        1,
        2,
        2,
        2,
        2,
        2,
        2,
        2,
        2,
        2,
        null,
        1,
        1,
        null,
        1,
        1,
        1,
        null,
        null,
        1,
        1,
        2,
        2,
        2,
        null,
        1,
        1,
        null,
        1,
        1,
        null,
        null,
        null
      ],
      "/Users/Jordan/Projects/job_challenges/user_testing/lockerz/app/models/locker.rb": [
        1,
        1,
        1,
        null
      ]
    },
    "timestamp": 1411244506
  },
  "Unit Tests": {
    "coverage": {
      "/Users/Jordan/Projects/job_challenges/user_testing/lockerz/app/models/bag.rb": [
        1,
        1,
        null
      ],
      "/Users/Jordan/Projects/job_challenges/user_testing/lockerz/app/models/locker.rb": [
        1,
        1,
        null
      ]
    },
    "timestamp": 1410294011
  }
}
